//  v2lvs v2019.3_37.23    Thu Sep 5 16:39:23 PDT 2019
//
//  Copyright (c) 1992, 1993 Regents of the University of California
//         All rights reserved.
//
//        Copyright Mentor Graphics Corporation 1996-2019
//                       All Rights Reserved.
//   THIS WORK CONTAINS TRADE SECRET AND PROPRIETARY INFORMATION
//      WHICH IS THE PROPERTY OF MENTOR GRAPHICS CORPORATION
//        OR ITS LICENSORS AND IS SUBJECT TO LICENSE TERMS.
//
//  The registered trademark Linux is used pursuant to a sublicense from LMI, the
//  exclusive licensee of Linus Torvalds, owner of the mark on a world-wide basis.
//
//  Mentor Graphics software executing under x86-64 Linux
//
Running /ihome/crc/install/mentor/calibre/aoj_cal_2019.3_37.23/pkgs/icv/pvt/v2lvs -i -v MLP_no_sram.apr.pg.v -lsr /bgfs/ece2192-2020f/kit/standardcell/lib/files/cells_vtl.cdl -s /bgfs/ece2192-2020f/kit/standardcell/lib/files/cells_vtl.cdl -o MLP_no_sram.cdl -sn -addpin VDD -addpin VSS

Info: Creating Spice Library Database ...
Warning: No BUSDELIMITER statement in /bgfs/ece2192-2020f/kit/standardcell/lib/files/cells_vtl.cdl spice file, it will be set to [
Info: Creating Design Database ...
Info: Converting Design ...

CPU TIME = 1  REAL TIME = 2  MALLOC = 56/56/56
